{"C:\\SoftwareAgency\\projects\\perfect-it\\amplify\\functions\\post-confirmation\\handler.ts": {"path":"C:\\SoftwareAgency\\projects\\perfect-it\\amplify\\functions\\post-confirmation\\handler.ts","statementMap":{"0":{"start":{"line":2,"column":0},"end":{"line":2,"column":58}},"1":{"start":{"line":3,"column":0},"end":{"line":3,"column":75}},"2":{"start":{"line":5,"column":15},"end":{"line":5,"column":37}},"3":{"start":{"line":6,"column":18},"end":{"line":6,"column":53}},"4":{"start":{"line":8,"column":55},"end":{"line":60,"column":1}},"5":{"start":{"line":9,"column":2},"end":{"line":59,"column":3}},"6":{"start":{"line":10,"column":31},"end":{"line":10,"column":44}},"7":{"start":{"line":11,"column":19},"end":{"line":11,"column":51}},"8":{"start":{"line":13,"column":4},"end":{"line":16,"column":5}},"9":{"start":{"line":14,"column":6},"end":{"line":14,"column":49}},"10":{"start":{"line":15,"column":6},"end":{"line":15,"column":45}},"11":{"start":{"line":18,"column":21},"end":{"line":20,"column":53}},"12":{"start":{"line":22,"column":16},"end":{"line":22,"column":40}},"13":{"start":{"line":24,"column":23},"end":{"line":37,"column":6}},"14":{"start":{"line":39,"column":23},"end":{"line":43,"column":6}},"15":{"start":{"line":45,"column":4},"end":{"line":45,"column":37}},"16":{"start":{"line":47,"column":4},"end":{"line":47,"column":66}},"17":{"start":{"line":49,"column":4},"end":{"line":49,"column":17}},"18":{"start":{"line":51,"column":4},"end":{"line":51,"column":64}},"19":{"start":{"line":53,"column":4},"end":{"line":56,"column":5}},"20":{"start":{"line":54,"column":6},"end":{"line":54,"column":67}},"21":{"start":{"line":55,"column":6},"end":{"line":55,"column":19}},"22":{"start":{"line":58,"column":4},"end":{"line":58,"column":16}},"23":{"start":{"line":8,"column":13},"end":{"line":8,"column":55}}},"fnMap":{"0":{"name":"(anonymous_0)","decl":{"start":{"line":8,"column":55},"end":{"line":8,"column":60}},"loc":{"start":{"line":8,"column":71},"end":{"line":60,"column":1}}}},"branchMap":{"0":{"loc":{"start":{"line":13,"column":4},"end":{"line":16,"column":5}},"type":"if","locations":[{"start":{"line":13,"column":4},"end":{"line":16,"column":5}}]},"1":{"loc":{"start":{"line":18,"column":21},"end":{"line":20,"column":53}},"type":"binary-expr","locations":[{"start":{"line":18,"column":21},"end":{"line":18,"column":54}},{"start":{"line":19,"column":21},"end":{"line":19,"column":56}},{"start":{"line":20,"column":21},"end":{"line":20,"column":53}}]},"2":{"loc":{"start":{"line":27,"column":13},"end":{"line":27,"column":41}},"type":"binary-expr","locations":[{"start":{"line":27,"column":13},"end":{"line":27,"column":33}},{"start":{"line":27,"column":37},"end":{"line":27,"column":41}}]},"3":{"loc":{"start":{"line":28,"column":17},"end":{"line":28,"column":47}},"type":"binary-expr","locations":[{"start":{"line":28,"column":17},"end":{"line":28,"column":39}},{"start":{"line":28,"column":43},"end":{"line":28,"column":47}}]},"4":{"loc":{"start":{"line":53,"column":4},"end":{"line":56,"column":5}},"type":"if","locations":[{"start":{"line":53,"column":4},"end":{"line":56,"column":5}}]},"5":{"loc":{"start":{"line":53,"column":8},"end":{"line":53,"column":82}},"type":"binary-expr","locations":[{"start":{"line":53,"column":8},"end":{"line":53,"column":30}},{"start":{"line":53,"column":34},"end":{"line":53,"column":82}}]}},"s":{"0":1,"1":1,"2":1,"3":1,"4":1,"5":9,"6":9,"7":9,"8":9,"9":1,"10":1,"11":8,"12":8,"13":8,"14":8,"15":8,"16":6,"17":6,"18":3,"19":3,"20":1,"21":1,"22":2,"23":1},"f":{"0":9},"b":{"0":[1],"1":[8,2,1],"2":[8,1],"3":[8,7],"4":[1],"5":[3,3]}}
}
